<?xml version="1.0" encoding="UTF-8"?>
<testsuite name="com.videosharing.transcoding.service.TranscodingServiceTest" tests="1" skipped="0" failures="0" errors="0" timestamp="2026-03-23T01:57:08" hostname="MacBook-Pro-Aleksandr.local" time="0.596">
  <properties/>
  <testcase name="processTranscodingTask_callsFFmpegForEachResolution(Path)" classname="com.videosharing.transcoding.service.TranscodingServiceTest" time="0.596"/>
  <system-out><![CDATA[20:57:08.800 [Test worker] INFO com.videosharing.transcoding.service.TranscodingService -- Downloaded original: videoId=f7e0eba7-6bb1-4b0b-a53d-bdf16df1e0d6, file=test.mp4
20:57:08.809 [Test worker] INFO com.videosharing.transcoding.service.TranscodingService -- Transcoded and uploaded: videoId=f7e0eba7-6bb1-4b0b-a53d-bdf16df1e0d6, resolution=144p
20:57:08.810 [Test worker] INFO com.videosharing.transcoding.service.TranscodingService -- Transcoded and uploaded: videoId=f7e0eba7-6bb1-4b0b-a53d-bdf16df1e0d6, resolution=360p
20:57:08.810 [Test worker] INFO com.videosharing.transcoding.service.TranscodingService -- Transcoded and uploaded: videoId=f7e0eba7-6bb1-4b0b-a53d-bdf16df1e0d6, resolution=720p
20:57:08.814 [Test worker] INFO com.videosharing.transcoding.service.TranscodingService -- Transcoding complete: videoId=f7e0eba7-6bb1-4b0b-a53d-bdf16df1e0d6
]]></system-out>
  <system-err><![CDATA[WARNING: A Java agent has been loaded dynamically (/Users/azastashkov/.gradle/caches/modules-2/files-2.1/net.bytebuddy/byte-buddy-agent/1.14.19/154da3a65b4f4a909d3e5bdec55d1b2b4cbb6ce1/byte-buddy-agent-1.14.19.jar)
WARNING: If a serviceability tool is in use, please run with -XX:+EnableDynamicAgentLoading to hide this warning
WARNING: If a serviceability tool is not in use, please run with -Djdk.instrument.traceUsage for more information
WARNING: Dynamic loading of agents will be disallowed by default in a future release
]]></system-err>
</testsuite>
