<?xml version="1.0" encoding="UTF-8"?>
<testsuite name="com.videosharing.transcoding.service.FFmpegServiceTest" tests="2" skipped="0" failures="0" errors="0" timestamp="2026-03-23T01:57:08" hostname="MacBook-Pro-Aleksandr.local" time="0.008">
  <properties/>
  <testcase name="transcode_invalidResolution_throwsException()" classname="com.videosharing.transcoding.service.FFmpegServiceTest" time="0.001"/>
  <testcase name="transcode_validResolutions_accepted()" classname="com.videosharing.transcoding.service.FFmpegServiceTest" time="0.007"/>
  <system-out><![CDATA[20:57:08.848 [Test worker] INFO com.videosharing.transcoding.service.FFmpegService -- Starting FFmpeg transcode: nonexistent -> out.mp4 (144p)
20:57:08.850 [Test worker] INFO com.videosharing.transcoding.service.FFmpegService -- Starting FFmpeg transcode: nonexistent -> out.mp4 (360p)
20:57:08.852 [Test worker] INFO com.videosharing.transcoding.service.FFmpegService -- Starting FFmpeg transcode: nonexistent -> out.mp4 (720p)
]]></system-out>
  <system-err><![CDATA[]]></system-err>
</testsuite>
