<?xml version="1.0" encoding="UTF-8"?>
<testsuite name="com.videosharing.apiserver.VideoStreamingServiceTest" tests="2" skipped="0" failures="0" errors="0" timestamp="2026-03-23T01:51:53" hostname="MacBook-Pro-Aleksandr.local" time="0.016">
  <properties/>
  <testcase name="streamVideo_fileNotFound_returnsEmpty()" classname="com.videosharing.apiserver.VideoStreamingServiceTest" time="0.001"/>
  <testcase name="streamVideo_returnsStream()" classname="com.videosharing.apiserver.VideoStreamingServiceTest" time="0.014"/>
  <system-out><![CDATA[]]></system-out>
  <system-err><![CDATA[]]></system-err>
</testsuite>
