<?xml version="1.0" encoding="UTF-8"?>
<testsuite name="com.videosharing.apiserver.VideoUploadServiceTest" tests="1" skipped="0" failures="0" errors="0" timestamp="2026-03-23T01:51:52" hostname="MacBook-Pro-Aleksandr.local" time="0.603">
  <properties/>
  <testcase name="uploadVideo_savesToMinioAndPublishesTask()" classname="com.videosharing.apiserver.VideoUploadServiceTest" time="0.603"/>
  <system-out><![CDATA[]]></system-out>
  <system-err><![CDATA[WARNING: A Java agent has been loaded dynamically (/Users/azastashkov/.gradle/caches/modules-2/files-2.1/net.bytebuddy/byte-buddy-agent/1.14.19/154da3a65b4f4a909d3e5bdec55d1b2b4cbb6ce1/byte-buddy-agent-1.14.19.jar)
WARNING: If a serviceability tool is in use, please run with -XX:+EnableDynamicAgentLoading to hide this warning
WARNING: If a serviceability tool is not in use, please run with -Djdk.instrument.traceUsage for more information
WARNING: Dynamic loading of agents will be disallowed by default in a future release
]]></system-err>
</testsuite>
