<?xml version="1.0" encoding="UTF-8"?>
<testsuite name="com.videosharing.apiserver.VideoControllerTest" tests="7" skipped="0" failures="0" errors="0" timestamp="2026-03-23T01:51:53" hostname="MacBook-Pro-Aleksandr.local" time="0.07">
  <properties/>
  <testcase name="uploadVideo_returns202()" classname="com.videosharing.apiserver.VideoControllerTest" time="0.044"/>
  <testcase name="uploadVideo_nonMp4_returns400()" classname="com.videosharing.apiserver.VideoControllerTest" time="0.003"/>
  <testcase name="getVideoMetadata_notFound_returns404()" classname="com.videosharing.apiserver.VideoControllerTest" time="0.009"/>
  <testcase name="listVideos_returns200()" classname="com.videosharing.apiserver.VideoControllerTest" time="0.004"/>
  <testcase name="streamVideo_returns200()" classname="com.videosharing.apiserver.VideoControllerTest" time="0.003"/>
  <testcase name="uploadVideo_emptyFile_returns400()" classname="com.videosharing.apiserver.VideoControllerTest" time="0.001"/>
  <testcase name="getVideoMetadata_returns200()" classname="com.videosharing.apiserver.VideoControllerTest" time="0.001"/>
  <system-out><![CDATA[20:51:53.030 [Test worker] INFO org.springframework.test.context.support.AnnotationConfigContextLoaderUtils -- Could not detect default configuration classes for test class [com.videosharing.apiserver.VideoControllerTest]: VideoControllerTest does not declare any static, non-private, non-final, nested classes annotated with @Configuration.
20:51:53.068 [Test worker] INFO org.springframework.boot.test.context.SpringBootTestContextBootstrapper -- Found @SpringBootConfiguration com.videosharing.apiserver.ApiServerApplication for test class com.videosharing.apiserver.VideoControllerTest

  .   ____          _            __ _ _
 /\\ / ___'_ __ _ _(_)_ __  __ _ \ \ \ \
( ( )\___ | '_ | '_| | '_ \/ _` | \ \ \ \
 \\/  ___)| |_)| | | | | || (_| |  ) ) ) )
  '  |____| .__|_| |_|_| |_\__, | / / / /
 =========|_|==============|___/=/_/_/_/

 :: Spring Boot ::                (v3.3.5)

2026-03-22T20:51:53.188-05:00  INFO 20016 --- [api-server] [    Test worker] c.v.apiserver.VideoControllerTest        : Starting VideoControllerTest using Java 21.0.10 with PID 20016 (started by azastashkov in /Users/azastashkov/projects/github/video-sharing-platform/api-server)
2026-03-22T20:51:53.188-05:00  INFO 20016 --- [api-server] [    Test worker] c.v.apiserver.VideoControllerTest        : No active profile set, falling back to 1 default profile: "default"
2026-03-22T20:51:53.512-05:00  INFO 20016 --- [api-server] [    Test worker] o.s.b.t.m.w.SpringBootMockServletContext : Initializing Spring TestDispatcherServlet ''
2026-03-22T20:51:53.512-05:00  INFO 20016 --- [api-server] [    Test worker] o.s.t.web.servlet.TestDispatcherServlet  : Initializing Servlet ''
2026-03-22T20:51:53.513-05:00  INFO 20016 --- [api-server] [    Test worker] o.s.t.web.servlet.TestDispatcherServlet  : Completed initialization in 0 ms
2026-03-22T20:51:53.522-05:00  INFO 20016 --- [api-server] [    Test worker] c.v.apiserver.VideoControllerTest        : Started VideoControllerTest in 0.435 seconds (process running for 1.371)
]]></system-out>
  <system-err><![CDATA[]]></system-err>
</testsuite>
